mode: set
github.com\gonego\gogogo\217_testing\packageWorks\mcleod\newmath\newmath.go:7.39,9.17 2 1
github.com\gonego\gogogo\217_testing\packageWorks\mcleod\newmath\newmath.go:13.2,13.22 1 1
github.com\gonego\gogogo\217_testing\packageWorks\mcleod\newmath\newmath.go:16.2,16.32 1 1
github.com\gonego\gogogo\217_testing\packageWorks\mcleod\newmath\newmath.go:9.17,11.3 1 1
github.com\gonego\gogogo\217_testing\packageWorks\mcleod\newmath\newmath.go:13.22,15.3 1 1
github.com\gonego\gogogo\217_testing\packageWorks\mcleod\newmath\newmath.go:21.35,24.22 2 1
github.com\gonego\gogogo\217_testing\packageWorks\mcleod\newmath\newmath.go:27.2,27.14 1 1
github.com\gonego\gogogo\217_testing\packageWorks\mcleod\newmath\newmath.go:24.22,26.3 1 1
